[2021-07-14 20:07:19,768] {taskinstance.py:896} INFO - Dependencies all met for <TaskInstance: MySQL.final_create_4 2021-07-14T20:06:24.839895+00:00 [None]>
[2021-07-14 20:07:19,794] {taskinstance.py:896} INFO - Dependencies all met for <TaskInstance: MySQL.final_create_4 2021-07-14T20:06:24.839895+00:00 [None]>
[2021-07-14 20:07:19,794] {taskinstance.py:1087} INFO - 
--------------------------------------------------------------------------------
[2021-07-14 20:07:19,795] {taskinstance.py:1088} INFO - Starting attempt 1 of 2
[2021-07-14 20:07:19,798] {taskinstance.py:1089} INFO - 
--------------------------------------------------------------------------------
[2021-07-14 20:07:19,895] {taskinstance.py:1107} INFO - Executing <Task(PythonOperator): final_create_4> on 2021-07-14T20:06:24.839895+00:00
[2021-07-14 20:07:19,904] {standard_task_runner.py:52} INFO - Started process 3576 to run task
[2021-07-14 20:07:19,910] {standard_task_runner.py:76} INFO - Running: ['***', 'tasks', 'run', 'MySQL', 'final_create_4', '2021-07-14T20:06:24.839895+00:00', '--job-id', '42', '--pool', 'default_pool', '--raw', '--subdir', 'DAGS_FOLDER/third_dag.py', '--cfg-path', '/tmp/tmpe7nf4i1e', '--error-file', '/tmp/tmp_kekpez7']
[2021-07-14 20:07:19,912] {standard_task_runner.py:77} INFO - Job 42: Subtask final_create_4
[2021-07-14 20:07:20,125] {logging_mixin.py:104} INFO - Running <TaskInstance: MySQL.final_create_4 2021-07-14T20:06:24.839895+00:00 [running]> on host bf600838264e
[2021-07-14 20:07:20,335] {taskinstance.py:1302} INFO - Exporting the following env vars:
AIRFLOW_CTX_DAG_OWNER=user
AIRFLOW_CTX_DAG_ID=MySQL
AIRFLOW_CTX_TASK_ID=final_create_4
AIRFLOW_CTX_EXECUTION_DATE=2021-07-14T20:06:24.839895+00:00
AIRFLOW_CTX_DAG_RUN_ID=manual__2021-07-14T20:06:24.839895+00:00
[2021-07-14 20:07:20,340] {crypto.py:82} WARNING - empty cryptography key - values will not be stored encrypted.
[2021-07-14 20:07:20,341] {base.py:78} INFO - Using connection to: id: mysql_test_conn. Host: 172.17.0.1, Port: 3310, Schema: project_bdt, Login: root, Password: ***, extra: {}
[2021-07-14 20:07:21,540] {python.py:151} INFO - Done. Returned value was: None
[2021-07-14 20:07:21,592] {taskinstance.py:1211} INFO - Marking task as SUCCESS. dag_id=MySQL, task_id=final_create_4, execution_date=20210714T200624, start_date=20210714T200719, end_date=20210714T200721
[2021-07-14 20:07:21,801] {taskinstance.py:1265} INFO - 0 downstream tasks scheduled from follow-on schedule check
[2021-07-14 20:07:21,823] {local_task_job.py:151} INFO - Task exited with return code 0
