[2021-07-14 18:19:05,879] {taskinstance.py:896} INFO - Dependencies all met for <TaskInstance: bdt_2021_ETL.store_opt_5 2021-07-14T18:16:59.219967+00:00 [queued]>
[2021-07-14 18:19:05,905] {taskinstance.py:896} INFO - Dependencies all met for <TaskInstance: bdt_2021_ETL.store_opt_5 2021-07-14T18:16:59.219967+00:00 [queued]>
[2021-07-14 18:19:05,906] {taskinstance.py:1087} INFO - 
--------------------------------------------------------------------------------
[2021-07-14 18:19:05,906] {taskinstance.py:1088} INFO - Starting attempt 1 of 2
[2021-07-14 18:19:05,907] {taskinstance.py:1089} INFO - 
--------------------------------------------------------------------------------
[2021-07-14 18:19:05,964] {taskinstance.py:1107} INFO - Executing <Task(PythonOperator): store_opt_5> on 2021-07-14T18:16:59.219967+00:00
[2021-07-14 18:19:05,971] {standard_task_runner.py:52} INFO - Started process 956 to run task
[2021-07-14 18:19:05,977] {standard_task_runner.py:76} INFO - Running: ['***', 'tasks', 'run', 'bdt_2021_ETL', 'store_opt_5', '2021-07-14T18:16:59.219967+00:00', '--job-id', '34', '--pool', 'default_pool', '--raw', '--subdir', 'DAGS_FOLDER/second_dag.py', '--cfg-path', '/tmp/tmph2b599y0', '--error-file', '/tmp/tmphqtbszy2']
[2021-07-14 18:19:05,978] {standard_task_runner.py:77} INFO - Job 34: Subtask store_opt_5
[2021-07-14 18:19:06,178] {logging_mixin.py:104} INFO - Running <TaskInstance: bdt_2021_ETL.store_opt_5 2021-07-14T18:16:59.219967+00:00 [running]> on host bf600838264e
[2021-07-14 18:19:06,443] {taskinstance.py:1302} INFO - Exporting the following env vars:
AIRFLOW_CTX_DAG_OWNER=***
AIRFLOW_CTX_DAG_ID=bdt_2021_ETL
AIRFLOW_CTX_TASK_ID=store_opt_5
AIRFLOW_CTX_EXECUTION_DATE=2021-07-14T18:16:59.219967+00:00
AIRFLOW_CTX_DAG_RUN_ID=manual__2021-07-14T18:16:59.219967+00:00
[2021-07-14 18:19:06,483] {crypto.py:82} WARNING - empty cryptography key - values will not be stored encrypted.
[2021-07-14 18:19:06,484] {base.py:78} INFO - Using connection to: id: mysql_test_conn. Host: 172.17.0.1, Port: 3310, Schema: project_bdt, Login: root, Password: ***, extra: {}
[2021-07-14 18:19:08,109] {dbapi.py:309} INFO - Loaded 1000 rows into carcom14 so far
[2021-07-14 18:19:09,391] {dbapi.py:309} INFO - Loaded 2000 rows into carcom14 so far
[2021-07-14 18:19:10,897] {dbapi.py:309} INFO - Loaded 3000 rows into carcom14 so far
[2021-07-14 18:19:12,585] {dbapi.py:309} INFO - Loaded 4000 rows into carcom14 so far
[2021-07-14 18:19:13,961] {dbapi.py:309} INFO - Loaded 5000 rows into carcom14 so far
[2021-07-14 18:19:15,553] {dbapi.py:309} INFO - Loaded 6000 rows into carcom14 so far
[2021-07-14 18:19:17,135] {dbapi.py:309} INFO - Loaded 7000 rows into carcom14 so far
[2021-07-14 18:19:18,384] {dbapi.py:309} INFO - Loaded 8000 rows into carcom14 so far
[2021-07-14 18:19:19,913] {dbapi.py:309} INFO - Loaded 9000 rows into carcom14 so far
[2021-07-14 18:19:21,313] {dbapi.py:309} INFO - Loaded 10000 rows into carcom14 so far
[2021-07-14 18:19:22,861] {dbapi.py:309} INFO - Loaded 11000 rows into carcom14 so far
[2021-07-14 18:19:24,302] {dbapi.py:309} INFO - Loaded 12000 rows into carcom14 so far
[2021-07-14 18:19:25,732] {dbapi.py:309} INFO - Loaded 13000 rows into carcom14 so far
[2021-07-14 18:19:27,121] {dbapi.py:309} INFO - Loaded 14000 rows into carcom14 so far
[2021-07-14 18:19:28,657] {dbapi.py:309} INFO - Loaded 15000 rows into carcom14 so far
[2021-07-14 18:19:30,149] {dbapi.py:309} INFO - Loaded 16000 rows into carcom14 so far
[2021-07-14 18:19:31,934] {dbapi.py:309} INFO - Loaded 17000 rows into carcom14 so far
[2021-07-14 18:19:34,057] {dbapi.py:309} INFO - Loaded 18000 rows into carcom14 so far
[2021-07-14 18:19:35,471] {dbapi.py:309} INFO - Loaded 19000 rows into carcom14 so far
[2021-07-14 18:19:35,981] {dbapi.py:312} INFO - Done loading. Loaded a total of 19366 rows
[2021-07-14 18:19:35,983] {python.py:151} INFO - Done. Returned value was: None
[2021-07-14 18:19:36,031] {taskinstance.py:1211} INFO - Marking task as SUCCESS. dag_id=bdt_2021_ETL, task_id=store_opt_5, execution_date=20210714T181659, start_date=20210714T181905, end_date=20210714T181936
[2021-07-14 18:19:36,147] {taskinstance.py:1265} INFO - 1 downstream tasks scheduled from follow-on schedule check
[2021-07-14 18:19:36,186] {local_task_job.py:151} INFO - Task exited with return code 0
