[2021-07-07 16:14:25,756] {{logging_mixin.py:112}} INFO - [2021-07-07 16:14:25,756] {{settings.py:253}} INFO - settings.configure_orm(): Using pool settings. pool_size=5, max_overflow=10, pool_recycle=1800, pid=17
[2021-07-07 16:14:25,764] {{scheduler_job.py:153}} INFO - Started process (PID=17) to work on /usr/local/airflow/dags/first_dag.py
[2021-07-07 16:14:25,778] {{scheduler_job.py:1560}} INFO - Processing file /usr/local/airflow/dags/first_dag.py for tasks to queue
[2021-07-07 16:14:25,783] {{logging_mixin.py:112}} INFO - [2021-07-07 16:14:25,782] {{dagbag.py:403}} INFO - Filling up the DagBag from /usr/local/airflow/dags/first_dag.py
[2021-07-07 16:14:26,697] {{logging_mixin.py:112}} INFO - start downloading files
[2021-07-07 16:14:33,504] {{logging_mixin.py:112}} INFO - end downloading files
[2021-07-07 16:14:36,890] {{logging_mixin.py:112}} INFO - ho finito!
[2021-07-07 16:14:36,898] {{scheduler_job.py:1572}} INFO - DAG(s) dict_keys(['bdt_2021']) retrieved from /usr/local/airflow/dags/first_dag.py
[2021-07-07 16:14:37,025] {{scheduler_job.py:161}} INFO - Processing /usr/local/airflow/dags/first_dag.py took 11.261 seconds
[2021-07-07 16:14:37,892] {{logging_mixin.py:112}} INFO - [2021-07-07 16:14:37,892] {{settings.py:253}} INFO - settings.configure_orm(): Using pool settings. pool_size=5, max_overflow=10, pool_recycle=1800, pid=18
[2021-07-07 16:14:37,907] {{scheduler_job.py:153}} INFO - Started process (PID=18) to work on /usr/local/airflow/dags/first_dag.py
[2021-07-07 16:14:37,917] {{scheduler_job.py:1560}} INFO - Processing file /usr/local/airflow/dags/first_dag.py for tasks to queue
[2021-07-07 16:14:37,922] {{logging_mixin.py:112}} INFO - [2021-07-07 16:14:37,921] {{dagbag.py:403}} INFO - Filling up the DagBag from /usr/local/airflow/dags/first_dag.py
[2021-07-07 16:14:39,051] {{logging_mixin.py:112}} INFO - start downloading files
[2021-07-07 16:14:46,216] {{logging_mixin.py:112}} INFO - [2021-07-07 16:14:46,144] {{dagbag.py:246}} ERROR - Failed to import: /usr/local/airflow/dags/first_dag.py
Traceback (most recent call last):
  File "/usr/local/lib/python3.7/site-packages/airflow/models/dagbag.py", line 243, in process_file
    m = imp.load_source(mod_name, filepath)
  File "/usr/local/lib/python3.7/imp.py", line 171, in load_source
    module = _load(spec)
  File "<frozen importlib._bootstrap>", line 696, in _load
  File "<frozen importlib._bootstrap>", line 677, in _load_unlocked
  File "<frozen importlib._bootstrap_external>", line 728, in exec_module
  File "<frozen importlib._bootstrap>", line 219, in _call_with_frames_removed
  File "/usr/local/airflow/dags/first_dag.py", line 42, in <module>
    multistep=True),
  File "/usr/local/airflow/dags/collector.py", line 36, in download_file
    shutil.move("dataset/CSV/" + i, "dataset")
  File "/usr/local/lib/python3.7/shutil.py", line 564, in move
    raise Error("Destination path '%s' already exists" % real_dst)
shutil.Error: Destination path 'dataset/carcom14.csv' already exists
[2021-07-07 16:14:46,217] {{scheduler_job.py:1574}} WARNING - No viable dags retrieved from /usr/local/airflow/dags/first_dag.py
[2021-07-07 16:14:46,333] {{scheduler_job.py:161}} INFO - Processing /usr/local/airflow/dags/first_dag.py took 8.425 seconds
[2021-07-07 16:14:47,067] {{logging_mixin.py:112}} INFO - [2021-07-07 16:14:47,066] {{settings.py:253}} INFO - settings.configure_orm(): Using pool settings. pool_size=5, max_overflow=10, pool_recycle=1800, pid=19
[2021-07-07 16:14:47,088] {{scheduler_job.py:153}} INFO - Started process (PID=19) to work on /usr/local/airflow/dags/first_dag.py
[2021-07-07 16:14:47,107] {{scheduler_job.py:1560}} INFO - Processing file /usr/local/airflow/dags/first_dag.py for tasks to queue
[2021-07-07 16:14:47,121] {{logging_mixin.py:112}} INFO - [2021-07-07 16:14:47,120] {{dagbag.py:403}} INFO - Filling up the DagBag from /usr/local/airflow/dags/first_dag.py
[2021-07-07 16:14:49,217] {{logging_mixin.py:112}} INFO - start downloading files
