[2021-07-14 20:32:49,799] {taskinstance.py:896} INFO - Dependencies all met for <TaskInstance: MySQL.final_db_1 2021-07-14T20:32:22.335444+00:00 [queued]>
[2021-07-14 20:32:49,873] {taskinstance.py:896} INFO - Dependencies all met for <TaskInstance: MySQL.final_db_1 2021-07-14T20:32:22.335444+00:00 [queued]>
[2021-07-14 20:32:49,875] {taskinstance.py:1087} INFO - 
--------------------------------------------------------------------------------
[2021-07-14 20:32:49,877] {taskinstance.py:1088} INFO - Starting attempt 1 of 2
[2021-07-14 20:32:49,878] {taskinstance.py:1089} INFO - 
--------------------------------------------------------------------------------
[2021-07-14 20:32:50,049] {taskinstance.py:1107} INFO - Executing <Task(PythonOperator): final_db_1> on 2021-07-14T20:32:22.335444+00:00
[2021-07-14 20:32:50,078] {standard_task_runner.py:52} INFO - Started process 4987 to run task
[2021-07-14 20:32:50,086] {standard_task_runner.py:76} INFO - Running: ['***', 'tasks', 'run', 'MySQL', 'final_db_1', '2021-07-14T20:32:22.335444+00:00', '--job-id', '55', '--pool', 'default_pool', '--raw', '--subdir', 'DAGS_FOLDER/third_dag.py', '--cfg-path', '/tmp/tmp0h9d987i', '--error-file', '/tmp/tmpx3gffgsn']
[2021-07-14 20:32:50,100] {standard_task_runner.py:77} INFO - Job 55: Subtask final_db_1
[2021-07-14 20:32:50,712] {logging_mixin.py:104} INFO - Running <TaskInstance: MySQL.final_db_1 2021-07-14T20:32:22.335444+00:00 [running]> on host bf600838264e
[2021-07-14 20:32:51,499] {taskinstance.py:1302} INFO - Exporting the following env vars:
AIRFLOW_CTX_DAG_OWNER=user
AIRFLOW_CTX_DAG_ID=MySQL
AIRFLOW_CTX_TASK_ID=final_db_1
AIRFLOW_CTX_EXECUTION_DATE=2021-07-14T20:32:22.335444+00:00
AIRFLOW_CTX_DAG_RUN_ID=manual__2021-07-14T20:32:22.335444+00:00
[2021-07-14 20:32:51,511] {crypto.py:82} WARNING - empty cryptography key - values will not be stored encrypted.
[2021-07-14 20:32:51,517] {base.py:78} INFO - Using connection to: id: mysql_test_conn. Host: 172.17.0.1, Port: 3310, Schema: project_bdt, Login: root, Password: ***, extra: {}
[2021-07-14 20:32:54,258] {python.py:151} INFO - Done. Returned value was: None
[2021-07-14 20:32:54,362] {taskinstance.py:1211} INFO - Marking task as SUCCESS. dag_id=MySQL, task_id=final_db_1, execution_date=20210714T203222, start_date=20210714T203249, end_date=20210714T203254
[2021-07-14 20:32:54,651] {taskinstance.py:1265} INFO - 1 downstream tasks scheduled from follow-on schedule check
[2021-07-14 20:32:54,704] {local_task_job.py:151} INFO - Task exited with return code 0
