[2021-07-14 18:17:23,309] {taskinstance.py:896} INFO - Dependencies all met for <TaskInstance: bdt_2021_ETL.del_col1 2021-07-14T18:16:59.219967+00:00 [queued]>
[2021-07-14 18:17:23,423] {taskinstance.py:896} INFO - Dependencies all met for <TaskInstance: bdt_2021_ETL.del_col1 2021-07-14T18:16:59.219967+00:00 [queued]>
[2021-07-14 18:17:23,425] {taskinstance.py:1087} INFO - 
--------------------------------------------------------------------------------
[2021-07-14 18:17:23,427] {taskinstance.py:1088} INFO - Starting attempt 1 of 2
[2021-07-14 18:17:23,431] {taskinstance.py:1089} INFO - 
--------------------------------------------------------------------------------
[2021-07-14 18:17:23,789] {taskinstance.py:1107} INFO - Executing <Task(PythonOperator): del_col1> on 2021-07-14T18:16:59.219967+00:00
[2021-07-14 18:17:23,864] {standard_task_runner.py:52} INFO - Started process 849 to run task
[2021-07-14 18:17:23,953] {standard_task_runner.py:76} INFO - Running: ['***', 'tasks', 'run', 'bdt_2021_ETL', 'del_col1', '2021-07-14T18:16:59.219967+00:00', '--job-id', '18', '--pool', 'default_pool', '--raw', '--subdir', 'DAGS_FOLDER/second_dag.py', '--cfg-path', '/tmp/tmpbjo7522m', '--error-file', '/tmp/tmpkswo_jue']
[2021-07-14 18:17:23,959] {standard_task_runner.py:77} INFO - Job 18: Subtask del_col1
[2021-07-14 18:17:24,337] {logging_mixin.py:104} INFO - Running <TaskInstance: bdt_2021_ETL.del_col1 2021-07-14T18:16:59.219967+00:00 [running]> on host bf600838264e
[2021-07-14 18:17:25,622] {taskinstance.py:1302} INFO - Exporting the following env vars:
AIRFLOW_CTX_DAG_OWNER=***
AIRFLOW_CTX_DAG_ID=bdt_2021_ETL
AIRFLOW_CTX_TASK_ID=del_col1
AIRFLOW_CTX_EXECUTION_DATE=2021-07-14T18:16:59.219967+00:00
AIRFLOW_CTX_DAG_RUN_ID=manual__2021-07-14T18:16:59.219967+00:00
[2021-07-14 18:17:26,139] {python.py:151} INFO - Done. Returned value was: None
[2021-07-14 18:17:26,419] {taskinstance.py:1211} INFO - Marking task as SUCCESS. dag_id=bdt_2021_ETL, task_id=del_col1, execution_date=20210714T181659, start_date=20210714T181723, end_date=20210714T181726
[2021-07-14 18:17:27,356] {taskinstance.py:1265} INFO - 0 downstream tasks scheduled from follow-on schedule check
[2021-07-14 18:17:27,407] {local_task_job.py:151} INFO - Task exited with return code 0
