[2021-07-14 20:32:25,202] {taskinstance.py:896} INFO - Dependencies all met for <TaskInstance: MySQL.final_create 2021-07-14T20:32:22.335444+00:00 [queued]>
[2021-07-14 20:32:25,253] {taskinstance.py:896} INFO - Dependencies all met for <TaskInstance: MySQL.final_create 2021-07-14T20:32:22.335444+00:00 [queued]>
[2021-07-14 20:32:25,254] {taskinstance.py:1087} INFO - 
--------------------------------------------------------------------------------
[2021-07-14 20:32:25,259] {taskinstance.py:1088} INFO - Starting attempt 1 of 2
[2021-07-14 20:32:25,263] {taskinstance.py:1089} INFO - 
--------------------------------------------------------------------------------
[2021-07-14 20:32:25,350] {taskinstance.py:1107} INFO - Executing <Task(PythonOperator): final_create> on 2021-07-14T20:32:22.335444+00:00
[2021-07-14 20:32:25,359] {standard_task_runner.py:52} INFO - Started process 4965 to run task
[2021-07-14 20:32:25,367] {standard_task_runner.py:76} INFO - Running: ['***', 'tasks', 'run', 'MySQL', 'final_create', '2021-07-14T20:32:22.335444+00:00', '--job-id', '51', '--pool', 'default_pool', '--raw', '--subdir', 'DAGS_FOLDER/third_dag.py', '--cfg-path', '/tmp/tmp7hjkl_7k', '--error-file', '/tmp/tmpi28oemed']
[2021-07-14 20:32:25,369] {standard_task_runner.py:77} INFO - Job 51: Subtask final_create
[2021-07-14 20:32:25,549] {logging_mixin.py:104} INFO - Running <TaskInstance: MySQL.final_create 2021-07-14T20:32:22.335444+00:00 [running]> on host bf600838264e
[2021-07-14 20:32:25,784] {taskinstance.py:1302} INFO - Exporting the following env vars:
AIRFLOW_CTX_DAG_OWNER=user
AIRFLOW_CTX_DAG_ID=MySQL
AIRFLOW_CTX_TASK_ID=final_create
AIRFLOW_CTX_EXECUTION_DATE=2021-07-14T20:32:22.335444+00:00
AIRFLOW_CTX_DAG_RUN_ID=manual__2021-07-14T20:32:22.335444+00:00
[2021-07-14 20:32:25,789] {crypto.py:82} WARNING - empty cryptography key - values will not be stored encrypted.
[2021-07-14 20:32:25,794] {base.py:78} INFO - Using connection to: id: mysql_test_conn. Host: 172.17.0.1, Port: 3310, Schema: project_bdt, Login: root, Password: ***, extra: {}
[2021-07-14 20:32:26,643] {python.py:151} INFO - Done. Returned value was: None
[2021-07-14 20:32:26,689] {taskinstance.py:1211} INFO - Marking task as SUCCESS. dag_id=MySQL, task_id=final_create, execution_date=20210714T203222, start_date=20210714T203225, end_date=20210714T203226
[2021-07-14 20:32:26,829] {taskinstance.py:1265} INFO - 1 downstream tasks scheduled from follow-on schedule check
[2021-07-14 20:32:26,869] {local_task_job.py:151} INFO - Task exited with return code 0
