[2021-07-14 20:24:07,116] {taskinstance.py:896} INFO - Dependencies all met for <TaskInstance: MySQL.final_db_1 2021-07-14T20:23:48.814237+00:00 [queued]>
[2021-07-14 20:24:07,153] {taskinstance.py:896} INFO - Dependencies all met for <TaskInstance: MySQL.final_db_1 2021-07-14T20:23:48.814237+00:00 [queued]>
[2021-07-14 20:24:07,154] {taskinstance.py:1087} INFO - 
--------------------------------------------------------------------------------
[2021-07-14 20:24:07,155] {taskinstance.py:1088} INFO - Starting attempt 1 of 2
[2021-07-14 20:24:07,156] {taskinstance.py:1089} INFO - 
--------------------------------------------------------------------------------
[2021-07-14 20:24:07,249] {taskinstance.py:1107} INFO - Executing <Task(PythonOperator): final_db_1> on 2021-07-14T20:23:48.814237+00:00
[2021-07-14 20:24:07,269] {standard_task_runner.py:52} INFO - Started process 4492 to run task
[2021-07-14 20:24:07,294] {standard_task_runner.py:76} INFO - Running: ['***', 'tasks', 'run', 'MySQL', 'final_db_1', '2021-07-14T20:23:48.814237+00:00', '--job-id', '47', '--pool', 'default_pool', '--raw', '--subdir', 'DAGS_FOLDER/third_dag.py', '--cfg-path', '/tmp/tmp_x3wgrnb', '--error-file', '/tmp/tmpa7r1j0xf']
[2021-07-14 20:24:07,301] {standard_task_runner.py:77} INFO - Job 47: Subtask final_db_1
[2021-07-14 20:24:07,588] {logging_mixin.py:104} INFO - Running <TaskInstance: MySQL.final_db_1 2021-07-14T20:23:48.814237+00:00 [running]> on host bf600838264e
[2021-07-14 20:24:08,636] {taskinstance.py:1302} INFO - Exporting the following env vars:
AIRFLOW_CTX_DAG_OWNER=user
AIRFLOW_CTX_DAG_ID=MySQL
AIRFLOW_CTX_TASK_ID=final_db_1
AIRFLOW_CTX_EXECUTION_DATE=2021-07-14T20:23:48.814237+00:00
AIRFLOW_CTX_DAG_RUN_ID=manual__2021-07-14T20:23:48.814237+00:00
[2021-07-14 20:24:08,650] {crypto.py:82} WARNING - empty cryptography key - values will not be stored encrypted.
[2021-07-14 20:24:08,669] {base.py:78} INFO - Using connection to: id: mysql_test_conn. Host: 172.17.0.1, Port: 3310, Schema: project_bdt, Login: root, Password: ***, extra: {}
[2021-07-14 20:24:14,507] {python.py:151} INFO - Done. Returned value was: None
[2021-07-14 20:24:14,603] {taskinstance.py:1211} INFO - Marking task as SUCCESS. dag_id=MySQL, task_id=final_db_1, execution_date=20210714T202348, start_date=20210714T202407, end_date=20210714T202414
[2021-07-14 20:24:14,784] {taskinstance.py:1265} INFO - 1 downstream tasks scheduled from follow-on schedule check
[2021-07-14 20:24:14,825] {local_task_job.py:151} INFO - Task exited with return code 0
