[2021-07-14 20:24:22,950] {taskinstance.py:896} INFO - Dependencies all met for <TaskInstance: MySQL.irpef_1 2021-07-14T20:23:48.814237+00:00 [queued]>
[2021-07-14 20:24:22,983] {taskinstance.py:896} INFO - Dependencies all met for <TaskInstance: MySQL.irpef_1 2021-07-14T20:23:48.814237+00:00 [queued]>
[2021-07-14 20:24:22,985] {taskinstance.py:1087} INFO - 
--------------------------------------------------------------------------------
[2021-07-14 20:24:22,985] {taskinstance.py:1088} INFO - Starting attempt 1 of 2
[2021-07-14 20:24:22,986] {taskinstance.py:1089} INFO - 
--------------------------------------------------------------------------------
[2021-07-14 20:24:23,061] {taskinstance.py:1107} INFO - Executing <Task(PythonOperator): irpef_1> on 2021-07-14T20:23:48.814237+00:00
[2021-07-14 20:24:23,072] {standard_task_runner.py:52} INFO - Started process 4510 to run task
[2021-07-14 20:24:23,084] {standard_task_runner.py:76} INFO - Running: ['***', 'tasks', 'run', 'MySQL', 'irpef_1', '2021-07-14T20:23:48.814237+00:00', '--job-id', '49', '--pool', 'default_pool', '--raw', '--subdir', 'DAGS_FOLDER/third_dag.py', '--cfg-path', '/tmp/tmp6ynrsl08', '--error-file', '/tmp/tmpub0e7hbg']
[2021-07-14 20:24:23,086] {standard_task_runner.py:77} INFO - Job 49: Subtask irpef_1
[2021-07-14 20:24:23,282] {logging_mixin.py:104} INFO - Running <TaskInstance: MySQL.irpef_1 2021-07-14T20:23:48.814237+00:00 [running]> on host bf600838264e
[2021-07-14 20:24:23,519] {taskinstance.py:1302} INFO - Exporting the following env vars:
AIRFLOW_CTX_DAG_OWNER=user
AIRFLOW_CTX_DAG_ID=MySQL
AIRFLOW_CTX_TASK_ID=irpef_1
AIRFLOW_CTX_EXECUTION_DATE=2021-07-14T20:23:48.814237+00:00
AIRFLOW_CTX_DAG_RUN_ID=manual__2021-07-14T20:23:48.814237+00:00
[2021-07-14 20:24:23,528] {crypto.py:82} WARNING - empty cryptography key - values will not be stored encrypted.
[2021-07-14 20:24:23,530] {base.py:78} INFO - Using connection to: id: mysql_test_conn. Host: 172.17.0.1, Port: 3310, Schema: project_bdt, Login: root, Password: ***, extra: {}
[2021-07-14 20:24:23,979] {python.py:151} INFO - Done. Returned value was: None
[2021-07-14 20:24:24,052] {taskinstance.py:1211} INFO - Marking task as SUCCESS. dag_id=MySQL, task_id=irpef_1, execution_date=20210714T202348, start_date=20210714T202422, end_date=20210714T202424
[2021-07-14 20:24:24,256] {taskinstance.py:1265} INFO - 1 downstream tasks scheduled from follow-on schedule check
[2021-07-14 20:24:24,315] {local_task_job.py:151} INFO - Task exited with return code 0
