[2021-07-14 20:35:27,244] {taskinstance.py:896} INFO - Dependencies all met for <TaskInstance: MySQL.final_create_2 2021-07-14T20:35:21.024125+00:00 [queued]>
[2021-07-14 20:35:27,288] {taskinstance.py:896} INFO - Dependencies all met for <TaskInstance: MySQL.final_create_2 2021-07-14T20:35:21.024125+00:00 [queued]>
[2021-07-14 20:35:27,290] {taskinstance.py:1087} INFO - 
--------------------------------------------------------------------------------
[2021-07-14 20:35:27,290] {taskinstance.py:1088} INFO - Starting attempt 1 of 2
[2021-07-14 20:35:27,291] {taskinstance.py:1089} INFO - 
--------------------------------------------------------------------------------
[2021-07-14 20:35:27,360] {taskinstance.py:1107} INFO - Executing <Task(PythonOperator): final_create_2> on 2021-07-14T20:35:21.024125+00:00
[2021-07-14 20:35:27,370] {standard_task_runner.py:52} INFO - Started process 5140 to run task
[2021-07-14 20:35:27,375] {standard_task_runner.py:76} INFO - Running: ['***', 'tasks', 'run', 'MySQL', 'final_create_2', '2021-07-14T20:35:21.024125+00:00', '--job-id', '60', '--pool', 'default_pool', '--raw', '--subdir', 'DAGS_FOLDER/third_dag.py', '--cfg-path', '/tmp/tmpc_utbfv_', '--error-file', '/tmp/tmpqy4ic75j']
[2021-07-14 20:35:27,377] {standard_task_runner.py:77} INFO - Job 60: Subtask final_create_2
[2021-07-14 20:35:27,564] {logging_mixin.py:104} INFO - Running <TaskInstance: MySQL.final_create_2 2021-07-14T20:35:21.024125+00:00 [running]> on host bf600838264e
[2021-07-14 20:35:27,806] {taskinstance.py:1302} INFO - Exporting the following env vars:
AIRFLOW_CTX_DAG_OWNER=user
AIRFLOW_CTX_DAG_ID=MySQL
AIRFLOW_CTX_TASK_ID=final_create_2
AIRFLOW_CTX_EXECUTION_DATE=2021-07-14T20:35:21.024125+00:00
AIRFLOW_CTX_DAG_RUN_ID=manual__2021-07-14T20:35:21.024125+00:00
[2021-07-14 20:35:27,808] {crypto.py:82} WARNING - empty cryptography key - values will not be stored encrypted.
[2021-07-14 20:35:27,810] {base.py:78} INFO - Using connection to: id: mysql_test_conn. Host: 172.17.0.1, Port: 3310, Schema: project_bdt, Login: root, Password: ***, extra: {}
[2021-07-14 20:35:28,683] {python.py:151} INFO - Done. Returned value was: None
[2021-07-14 20:35:28,745] {taskinstance.py:1211} INFO - Marking task as SUCCESS. dag_id=MySQL, task_id=final_create_2, execution_date=20210714T203521, start_date=20210714T203527, end_date=20210714T203528
[2021-07-14 20:35:29,245] {taskinstance.py:1265} INFO - 0 downstream tasks scheduled from follow-on schedule check
[2021-07-14 20:35:29,313] {local_task_job.py:151} INFO - Task exited with return code 0
