[2021-07-14 20:32:59,380] {taskinstance.py:896} INFO - Dependencies all met for <TaskInstance: MySQL.final_db_2 2021-07-14T20:32:22.335444+00:00 [queued]>
[2021-07-14 20:32:59,460] {taskinstance.py:896} INFO - Dependencies all met for <TaskInstance: MySQL.final_db_2 2021-07-14T20:32:22.335444+00:00 [queued]>
[2021-07-14 20:32:59,550] {taskinstance.py:1087} INFO - 
--------------------------------------------------------------------------------
[2021-07-14 20:32:59,551] {taskinstance.py:1088} INFO - Starting attempt 1 of 2
[2021-07-14 20:32:59,582] {taskinstance.py:1089} INFO - 
--------------------------------------------------------------------------------
[2021-07-14 20:32:59,787] {taskinstance.py:1107} INFO - Executing <Task(PythonOperator): final_db_2> on 2021-07-14T20:32:22.335444+00:00
[2021-07-14 20:32:59,798] {standard_task_runner.py:52} INFO - Started process 5000 to run task
[2021-07-14 20:32:59,832] {standard_task_runner.py:76} INFO - Running: ['***', 'tasks', 'run', 'MySQL', 'final_db_2', '2021-07-14T20:32:22.335444+00:00', '--job-id', '56', '--pool', 'default_pool', '--raw', '--subdir', 'DAGS_FOLDER/third_dag.py', '--cfg-path', '/tmp/tmp_2_66d0l', '--error-file', '/tmp/tmpfces8ogn']
[2021-07-14 20:32:59,855] {standard_task_runner.py:77} INFO - Job 56: Subtask final_db_2
[2021-07-14 20:33:00,423] {logging_mixin.py:104} INFO - Running <TaskInstance: MySQL.final_db_2 2021-07-14T20:32:22.335444+00:00 [running]> on host bf600838264e
[2021-07-14 20:33:00,643] {taskinstance.py:1302} INFO - Exporting the following env vars:
AIRFLOW_CTX_DAG_OWNER=user
AIRFLOW_CTX_DAG_ID=MySQL
AIRFLOW_CTX_TASK_ID=final_db_2
AIRFLOW_CTX_EXECUTION_DATE=2021-07-14T20:32:22.335444+00:00
AIRFLOW_CTX_DAG_RUN_ID=manual__2021-07-14T20:32:22.335444+00:00
[2021-07-14 20:33:00,648] {crypto.py:82} WARNING - empty cryptography key - values will not be stored encrypted.
[2021-07-14 20:33:00,656] {base.py:78} INFO - Using connection to: id: mysql_test_conn. Host: 172.17.0.1, Port: 3310, Schema: project_bdt, Login: root, Password: ***, extra: {}
[2021-07-14 20:33:01,816] {python.py:151} INFO - Done. Returned value was: None
[2021-07-14 20:33:01,886] {taskinstance.py:1211} INFO - Marking task as SUCCESS. dag_id=MySQL, task_id=final_db_2, execution_date=20210714T203222, start_date=20210714T203259, end_date=20210714T203301
[2021-07-14 20:33:02,424] {taskinstance.py:1265} INFO - 1 downstream tasks scheduled from follow-on schedule check
[2021-07-14 20:33:02,455] {local_task_job.py:151} INFO - Task exited with return code 0
