[2021-07-14 18:17:36,563] {taskinstance.py:896} INFO - Dependencies all met for <TaskInstance: bdt_2021_ETL.create_db 2021-07-14T18:16:59.219967+00:00 [queued]>
[2021-07-14 18:17:36,591] {taskinstance.py:896} INFO - Dependencies all met for <TaskInstance: bdt_2021_ETL.create_db 2021-07-14T18:16:59.219967+00:00 [queued]>
[2021-07-14 18:17:36,593] {taskinstance.py:1087} INFO - 
--------------------------------------------------------------------------------
[2021-07-14 18:17:36,594] {taskinstance.py:1088} INFO - Starting attempt 1 of 2
[2021-07-14 18:17:36,596] {taskinstance.py:1089} INFO - 
--------------------------------------------------------------------------------
[2021-07-14 18:17:36,701] {taskinstance.py:1107} INFO - Executing <Task(PythonOperator): create_db> on 2021-07-14T18:16:59.219967+00:00
[2021-07-14 18:17:36,715] {standard_task_runner.py:52} INFO - Started process 860 to run task
[2021-07-14 18:17:36,722] {standard_task_runner.py:76} INFO - Running: ['***', 'tasks', 'run', 'bdt_2021_ETL', 'create_db', '2021-07-14T18:16:59.219967+00:00', '--job-id', '25', '--pool', 'default_pool', '--raw', '--subdir', 'DAGS_FOLDER/second_dag.py', '--cfg-path', '/tmp/tmpkfv8doay', '--error-file', '/tmp/tmpuuvso_90']
[2021-07-14 18:17:36,723] {standard_task_runner.py:77} INFO - Job 25: Subtask create_db
[2021-07-14 18:17:36,990] {logging_mixin.py:104} INFO - Running <TaskInstance: bdt_2021_ETL.create_db 2021-07-14T18:16:59.219967+00:00 [running]> on host bf600838264e
[2021-07-14 18:17:37,288] {taskinstance.py:1302} INFO - Exporting the following env vars:
AIRFLOW_CTX_DAG_OWNER=***
AIRFLOW_CTX_DAG_ID=bdt_2021_ETL
AIRFLOW_CTX_TASK_ID=create_db
AIRFLOW_CTX_EXECUTION_DATE=2021-07-14T18:16:59.219967+00:00
AIRFLOW_CTX_DAG_RUN_ID=manual__2021-07-14T18:16:59.219967+00:00
[2021-07-14 18:17:37,332] {crypto.py:82} WARNING - empty cryptography key - values will not be stored encrypted.
[2021-07-14 18:17:37,334] {base.py:78} INFO - Using connection to: id: mysql_test_conn. Host: 172.17.0.1, Port: 3310, Schema: project_bdt, Login: root, Password: ***, extra: {}
[2021-07-14 18:17:37,383] {dbapi.py:204} INFO - Running statement: CREATE TABLE `rfam14` ( `nquest` INT NOT NULL, 
`y` FLOAT NOT NULL), parameters: None
[2021-07-14 18:17:37,481] {dbapi.py:212} INFO - Rows affected: 0
[2021-07-14 18:17:37,484] {python.py:151} INFO - Done. Returned value was: None
[2021-07-14 18:17:37,543] {taskinstance.py:1211} INFO - Marking task as SUCCESS. dag_id=bdt_2021_ETL, task_id=create_db, execution_date=20210714T181659, start_date=20210714T181736, end_date=20210714T181737
[2021-07-14 18:17:37,698] {taskinstance.py:1265} INFO - 1 downstream tasks scheduled from follow-on schedule check
[2021-07-14 18:17:37,742] {local_task_job.py:151} INFO - Task exited with return code 0
