[2021-05-31 13:57:24,737] {{dag_processing.py:821}} INFO - Processing files using up to 2 processes at a time 
[2021-05-31 13:57:24,738] {{dag_processing.py:822}} INFO - Process each file at most once every 0 seconds
[2021-05-31 13:57:24,740] {{dag_processing.py:824}} INFO - Checking for new files in /usr/local/airflow/dags every 300 seconds
[2021-05-31 13:57:24,743] {{dag_processing.py:1292}} INFO - Finding 'running' jobs without a recent heartbeat
[2021-05-31 13:57:24,744] {{dag_processing.py:1296}} INFO - Failing jobs without heartbeat after 2021-05-31 13:52:24.743945+00:00
[2021-05-31 13:57:24,800] {{dag_processing.py:1029}} INFO - 
================================================================================
DAG File Processing Stats

File Path                               PID  Runtime      # DAGs    # Errors  Last Runtime    Last Run
------------------------------------  -----  ---------  --------  ----------  --------------  ----------
/usr/local/airflow/dags/first_dag.py    167  0.01s             0           0
================================================================================
[2021-05-31 13:57:34,896] {{dag_processing.py:1292}} INFO - Finding 'running' jobs without a recent heartbeat
[2021-05-31 13:57:34,900] {{dag_processing.py:1296}} INFO - Failing jobs without heartbeat after 2021-05-31 13:52:34.899826+00:00
[2021-05-31 13:57:45,086] {{dag_processing.py:1292}} INFO - Finding 'running' jobs without a recent heartbeat
[2021-05-31 13:57:45,196] {{dag_processing.py:1296}} INFO - Failing jobs without heartbeat after 2021-05-31 13:52:45.196541+00:00
[2021-05-31 13:57:55,450] {{dag_processing.py:1292}} INFO - Finding 'running' jobs without a recent heartbeat
[2021-05-31 13:57:55,452] {{dag_processing.py:1296}} INFO - Failing jobs without heartbeat after 2021-05-31 13:52:55.452526+00:00
[2021-05-31 13:57:55,494] {{dag_processing.py:1029}} INFO - 
================================================================================
DAG File Processing Stats

File Path                               PID  Runtime      # DAGs    # Errors  Last Runtime    Last Run
------------------------------------  -----  ---------  --------  ----------  --------------  -------------------
/usr/local/airflow/dags/first_dag.py    338  0.01s             0           1  1.04s           2021-05-31T13:57:55
================================================================================
[2021-05-31 13:58:05,640] {{dag_processing.py:1292}} INFO - Finding 'running' jobs without a recent heartbeat
[2021-05-31 13:58:05,645] {{dag_processing.py:1296}} INFO - Failing jobs without heartbeat after 2021-05-31 13:53:05.644897+00:00
[2021-05-31 13:58:15,895] {{dag_processing.py:1292}} INFO - Finding 'running' jobs without a recent heartbeat
[2021-05-31 13:58:15,896] {{dag_processing.py:1296}} INFO - Failing jobs without heartbeat after 2021-05-31 13:53:15.896805+00:00
[2021-05-31 13:58:26,050] {{dag_processing.py:1292}} INFO - Finding 'running' jobs without a recent heartbeat
[2021-05-31 13:58:26,053] {{dag_processing.py:1296}} INFO - Failing jobs without heartbeat after 2021-05-31 13:53:26.053495+00:00
[2021-05-31 13:58:26,109] {{dag_processing.py:1029}} INFO - 
================================================================================
DAG File Processing Stats

File Path                               PID  Runtime      # DAGs    # Errors  Last Runtime    Last Run
------------------------------------  -----  ---------  --------  ----------  --------------  -------------------
/usr/local/airflow/dags/first_dag.py    499  0.01s             0           1  1.05s           2021-05-31T13:58:26
================================================================================
[2021-05-31 13:58:36,260] {{dag_processing.py:1292}} INFO - Finding 'running' jobs without a recent heartbeat
[2021-05-31 13:58:36,261] {{dag_processing.py:1296}} INFO - Failing jobs without heartbeat after 2021-05-31 13:53:36.261647+00:00
[2021-05-31 13:58:46,480] {{dag_processing.py:1292}} INFO - Finding 'running' jobs without a recent heartbeat
[2021-05-31 13:58:46,483] {{dag_processing.py:1296}} INFO - Failing jobs without heartbeat after 2021-05-31 13:53:46.483352+00:00
[2021-05-31 13:58:56,699] {{dag_processing.py:1292}} INFO - Finding 'running' jobs without a recent heartbeat
[2021-05-31 13:58:56,702] {{dag_processing.py:1296}} INFO - Failing jobs without heartbeat after 2021-05-31 13:53:56.702222+00:00
[2021-05-31 13:58:56,750] {{dag_processing.py:1029}} INFO - 
================================================================================
DAG File Processing Stats

File Path                               PID  Runtime      # DAGs    # Errors  Last Runtime    Last Run
------------------------------------  -----  ---------  --------  ----------  --------------  -------------------
/usr/local/airflow/dags/first_dag.py    660  0.01s             0           1  1.05s           2021-05-31T13:58:56
================================================================================
[2021-05-31 13:59:06,915] {{dag_processing.py:1292}} INFO - Finding 'running' jobs without a recent heartbeat
[2021-05-31 13:59:06,917] {{dag_processing.py:1296}} INFO - Failing jobs without heartbeat after 2021-05-31 13:54:06.917094+00:00
[2021-05-31 13:59:17,081] {{dag_processing.py:1292}} INFO - Finding 'running' jobs without a recent heartbeat
[2021-05-31 13:59:17,083] {{dag_processing.py:1296}} INFO - Failing jobs without heartbeat after 2021-05-31 13:54:17.083117+00:00
[2021-05-31 13:59:27,307] {{dag_processing.py:1292}} INFO - Finding 'running' jobs without a recent heartbeat
[2021-05-31 13:59:27,318] {{dag_processing.py:1296}} INFO - Failing jobs without heartbeat after 2021-05-31 13:54:27.317854+00:00
[2021-05-31 13:59:27,416] {{dag_processing.py:1029}} INFO - 
================================================================================
DAG File Processing Stats

File Path                               PID  Runtime      # DAGs    # Errors  Last Runtime    Last Run
------------------------------------  -----  ---------  --------  ----------  --------------  -------------------
/usr/local/airflow/dags/first_dag.py    821  0.01s             0           1  1.10s           2021-05-31T13:59:27
================================================================================
[2021-05-31 13:59:37,612] {{dag_processing.py:1292}} INFO - Finding 'running' jobs without a recent heartbeat
[2021-05-31 13:59:37,614] {{dag_processing.py:1296}} INFO - Failing jobs without heartbeat after 2021-05-31 13:54:37.614772+00:00
[2021-05-31 13:59:47,775] {{dag_processing.py:1292}} INFO - Finding 'running' jobs without a recent heartbeat
[2021-05-31 13:59:47,776] {{dag_processing.py:1296}} INFO - Failing jobs without heartbeat after 2021-05-31 13:54:47.776896+00:00
