[2021-07-14 20:24:01,767] {taskinstance.py:896} INFO - Dependencies all met for <TaskInstance: MySQL.final_create_4 2021-07-14T20:23:48.814237+00:00 [queued]>
[2021-07-14 20:24:01,797] {taskinstance.py:896} INFO - Dependencies all met for <TaskInstance: MySQL.final_create_4 2021-07-14T20:23:48.814237+00:00 [queued]>
[2021-07-14 20:24:01,798] {taskinstance.py:1087} INFO - 
--------------------------------------------------------------------------------
[2021-07-14 20:24:01,799] {taskinstance.py:1088} INFO - Starting attempt 1 of 2
[2021-07-14 20:24:01,800] {taskinstance.py:1089} INFO - 
--------------------------------------------------------------------------------
[2021-07-14 20:24:01,860] {taskinstance.py:1107} INFO - Executing <Task(PythonOperator): final_create_4> on 2021-07-14T20:23:48.814237+00:00
[2021-07-14 20:24:01,867] {standard_task_runner.py:52} INFO - Started process 4490 to run task
[2021-07-14 20:24:01,875] {standard_task_runner.py:76} INFO - Running: ['***', 'tasks', 'run', 'MySQL', 'final_create_4', '2021-07-14T20:23:48.814237+00:00', '--job-id', '46', '--pool', 'default_pool', '--raw', '--subdir', 'DAGS_FOLDER/third_dag.py', '--cfg-path', '/tmp/tmp5ncrvjrw', '--error-file', '/tmp/tmpr8sam8lg']
[2021-07-14 20:24:01,876] {standard_task_runner.py:77} INFO - Job 46: Subtask final_create_4
[2021-07-14 20:24:02,173] {logging_mixin.py:104} INFO - Running <TaskInstance: MySQL.final_create_4 2021-07-14T20:23:48.814237+00:00 [running]> on host bf600838264e
[2021-07-14 20:24:02,406] {taskinstance.py:1302} INFO - Exporting the following env vars:
AIRFLOW_CTX_DAG_OWNER=user
AIRFLOW_CTX_DAG_ID=MySQL
AIRFLOW_CTX_TASK_ID=final_create_4
AIRFLOW_CTX_EXECUTION_DATE=2021-07-14T20:23:48.814237+00:00
AIRFLOW_CTX_DAG_RUN_ID=manual__2021-07-14T20:23:48.814237+00:00
[2021-07-14 20:24:02,408] {crypto.py:82} WARNING - empty cryptography key - values will not be stored encrypted.
[2021-07-14 20:24:02,410] {base.py:78} INFO - Using connection to: id: mysql_test_conn. Host: 172.17.0.1, Port: 3310, Schema: project_bdt, Login: root, Password: ***, extra: {}
[2021-07-14 20:24:03,494] {python.py:151} INFO - Done. Returned value was: None
[2021-07-14 20:24:03,544] {taskinstance.py:1211} INFO - Marking task as SUCCESS. dag_id=MySQL, task_id=final_create_4, execution_date=20210714T202348, start_date=20210714T202401, end_date=20210714T202403
[2021-07-14 20:24:03,640] {taskinstance.py:1265} INFO - 1 downstream tasks scheduled from follow-on schedule check
[2021-07-14 20:24:03,664] {local_task_job.py:151} INFO - Task exited with return code 0
