[2021-07-14 20:35:46,040] {taskinstance.py:896} INFO - Dependencies all met for <TaskInstance: MySQL.final_db_2 2021-07-14T20:35:21.024125+00:00 [queued]>
[2021-07-14 20:35:46,073] {taskinstance.py:896} INFO - Dependencies all met for <TaskInstance: MySQL.final_db_2 2021-07-14T20:35:21.024125+00:00 [queued]>
[2021-07-14 20:35:46,074] {taskinstance.py:1087} INFO - 
--------------------------------------------------------------------------------
[2021-07-14 20:35:46,074] {taskinstance.py:1088} INFO - Starting attempt 1 of 2
[2021-07-14 20:35:46,075] {taskinstance.py:1089} INFO - 
--------------------------------------------------------------------------------
[2021-07-14 20:35:46,174] {taskinstance.py:1107} INFO - Executing <Task(PythonOperator): final_db_2> on 2021-07-14T20:35:21.024125+00:00
[2021-07-14 20:35:46,180] {standard_task_runner.py:52} INFO - Started process 5162 to run task
[2021-07-14 20:35:46,193] {standard_task_runner.py:76} INFO - Running: ['***', 'tasks', 'run', 'MySQL', 'final_db_2', '2021-07-14T20:35:21.024125+00:00', '--job-id', '64', '--pool', 'default_pool', '--raw', '--subdir', 'DAGS_FOLDER/third_dag.py', '--cfg-path', '/tmp/tmptz0e0bw2', '--error-file', '/tmp/tmp451i8pfe']
[2021-07-14 20:35:46,195] {standard_task_runner.py:77} INFO - Job 64: Subtask final_db_2
[2021-07-14 20:35:46,344] {logging_mixin.py:104} INFO - Running <TaskInstance: MySQL.final_db_2 2021-07-14T20:35:21.024125+00:00 [running]> on host bf600838264e
[2021-07-14 20:35:46,575] {taskinstance.py:1302} INFO - Exporting the following env vars:
AIRFLOW_CTX_DAG_OWNER=user
AIRFLOW_CTX_DAG_ID=MySQL
AIRFLOW_CTX_TASK_ID=final_db_2
AIRFLOW_CTX_EXECUTION_DATE=2021-07-14T20:35:21.024125+00:00
AIRFLOW_CTX_DAG_RUN_ID=manual__2021-07-14T20:35:21.024125+00:00
[2021-07-14 20:35:46,578] {crypto.py:82} WARNING - empty cryptography key - values will not be stored encrypted.
[2021-07-14 20:35:46,580] {base.py:78} INFO - Using connection to: id: mysql_test_conn. Host: 172.17.0.1, Port: 3310, Schema: project_bdt, Login: root, Password: ***, extra: {}
[2021-07-14 20:35:47,818] {python.py:151} INFO - Done. Returned value was: None
[2021-07-14 20:35:47,902] {taskinstance.py:1211} INFO - Marking task as SUCCESS. dag_id=MySQL, task_id=final_db_2, execution_date=20210714T203521, start_date=20210714T203546, end_date=20210714T203547
[2021-07-14 20:35:48,071] {taskinstance.py:1265} INFO - 1 downstream tasks scheduled from follow-on schedule check
[2021-07-14 20:35:48,128] {local_task_job.py:151} INFO - Task exited with return code 0
