[2021-07-14 18:18:39,503] {taskinstance.py:896} INFO - Dependencies all met for <TaskInstance: bdt_2021_ETL.store_opt_4 2021-07-14T18:16:59.219967+00:00 [queued]>
[2021-07-14 18:18:39,552] {taskinstance.py:896} INFO - Dependencies all met for <TaskInstance: bdt_2021_ETL.store_opt_4 2021-07-14T18:16:59.219967+00:00 [queued]>
[2021-07-14 18:18:39,553] {taskinstance.py:1087} INFO - 
--------------------------------------------------------------------------------
[2021-07-14 18:18:39,555] {taskinstance.py:1088} INFO - Starting attempt 1 of 2
[2021-07-14 18:18:39,557] {taskinstance.py:1089} INFO - 
--------------------------------------------------------------------------------
[2021-07-14 18:18:39,635] {taskinstance.py:1107} INFO - Executing <Task(PythonOperator): store_opt_4> on 2021-07-14T18:16:59.219967+00:00
[2021-07-14 18:18:39,644] {standard_task_runner.py:52} INFO - Started process 927 to run task
[2021-07-14 18:18:39,651] {standard_task_runner.py:76} INFO - Running: ['***', 'tasks', 'run', 'bdt_2021_ETL', 'store_opt_4', '2021-07-14T18:16:59.219967+00:00', '--job-id', '32', '--pool', 'default_pool', '--raw', '--subdir', 'DAGS_FOLDER/second_dag.py', '--cfg-path', '/tmp/tmpfk8hhuba', '--error-file', '/tmp/tmppuyqkxdw']
[2021-07-14 18:18:39,652] {standard_task_runner.py:77} INFO - Job 32: Subtask store_opt_4
[2021-07-14 18:18:39,835] {logging_mixin.py:104} INFO - Running <TaskInstance: bdt_2021_ETL.store_opt_4 2021-07-14T18:16:59.219967+00:00 [running]> on host bf600838264e
[2021-07-14 18:18:40,093] {taskinstance.py:1302} INFO - Exporting the following env vars:
AIRFLOW_CTX_DAG_OWNER=***
AIRFLOW_CTX_DAG_ID=bdt_2021_ETL
AIRFLOW_CTX_TASK_ID=store_opt_4
AIRFLOW_CTX_EXECUTION_DATE=2021-07-14T18:16:59.219967+00:00
AIRFLOW_CTX_DAG_RUN_ID=manual__2021-07-14T18:16:59.219967+00:00
[2021-07-14 18:18:40,123] {crypto.py:82} WARNING - empty cryptography key - values will not be stored encrypted.
[2021-07-14 18:18:40,124] {base.py:78} INFO - Using connection to: id: mysql_test_conn. Host: 172.17.0.1, Port: 3310, Schema: project_bdt, Login: root, Password: ***, extra: {}
[2021-07-14 18:18:41,420] {dbapi.py:309} INFO - Loaded 1000 rows into rper14 so far
[2021-07-14 18:18:42,732] {dbapi.py:309} INFO - Loaded 2000 rows into rper14 so far
[2021-07-14 18:18:44,181] {dbapi.py:309} INFO - Loaded 3000 rows into rper14 so far
[2021-07-14 18:18:45,852] {dbapi.py:309} INFO - Loaded 4000 rows into rper14 so far
[2021-07-14 18:18:47,328] {dbapi.py:309} INFO - Loaded 5000 rows into rper14 so far
[2021-07-14 18:18:48,655] {dbapi.py:309} INFO - Loaded 6000 rows into rper14 so far
[2021-07-14 18:18:50,042] {dbapi.py:309} INFO - Loaded 7000 rows into rper14 so far
[2021-07-14 18:18:51,514] {dbapi.py:309} INFO - Loaded 8000 rows into rper14 so far
[2021-07-14 18:18:52,750] {dbapi.py:309} INFO - Loaded 9000 rows into rper14 so far
[2021-07-14 18:18:54,063] {dbapi.py:309} INFO - Loaded 10000 rows into rper14 so far
[2021-07-14 18:18:55,444] {dbapi.py:309} INFO - Loaded 11000 rows into rper14 so far
[2021-07-14 18:18:56,815] {dbapi.py:309} INFO - Loaded 12000 rows into rper14 so far
[2021-07-14 18:18:58,256] {dbapi.py:309} INFO - Loaded 13000 rows into rper14 so far
[2021-07-14 18:18:59,021] {dbapi.py:312} INFO - Done loading. Loaded a total of 13533 rows
[2021-07-14 18:18:59,022] {python.py:151} INFO - Done. Returned value was: None
[2021-07-14 18:18:59,091] {taskinstance.py:1211} INFO - Marking task as SUCCESS. dag_id=bdt_2021_ETL, task_id=store_opt_4, execution_date=20210714T181659, start_date=20210714T181839, end_date=20210714T181859
[2021-07-14 18:18:59,271] {taskinstance.py:1265} INFO - 1 downstream tasks scheduled from follow-on schedule check
[2021-07-14 18:18:59,285] {local_task_job.py:151} INFO - Task exited with return code 0
