[2021-07-14 20:32:28,569] {taskinstance.py:896} INFO - Dependencies all met for <TaskInstance: MySQL.final_create_2 2021-07-14T20:32:22.335444+00:00 [queued]>
[2021-07-14 20:32:28,602] {taskinstance.py:896} INFO - Dependencies all met for <TaskInstance: MySQL.final_create_2 2021-07-14T20:32:22.335444+00:00 [queued]>
[2021-07-14 20:32:28,603] {taskinstance.py:1087} INFO - 
--------------------------------------------------------------------------------
[2021-07-14 20:32:28,604] {taskinstance.py:1088} INFO - Starting attempt 1 of 2
[2021-07-14 20:32:28,604] {taskinstance.py:1089} INFO - 
--------------------------------------------------------------------------------
[2021-07-14 20:32:28,650] {taskinstance.py:1107} INFO - Executing <Task(PythonOperator): final_create_2> on 2021-07-14T20:32:22.335444+00:00
[2021-07-14 20:32:28,657] {standard_task_runner.py:52} INFO - Started process 4967 to run task
[2021-07-14 20:32:28,663] {standard_task_runner.py:76} INFO - Running: ['***', 'tasks', 'run', 'MySQL', 'final_create_2', '2021-07-14T20:32:22.335444+00:00', '--job-id', '52', '--pool', 'default_pool', '--raw', '--subdir', 'DAGS_FOLDER/third_dag.py', '--cfg-path', '/tmp/tmpc4ppjd_8', '--error-file', '/tmp/tmpurt64qd8']
[2021-07-14 20:32:28,664] {standard_task_runner.py:77} INFO - Job 52: Subtask final_create_2
[2021-07-14 20:32:28,837] {logging_mixin.py:104} INFO - Running <TaskInstance: MySQL.final_create_2 2021-07-14T20:32:22.335444+00:00 [running]> on host bf600838264e
[2021-07-14 20:32:29,075] {taskinstance.py:1302} INFO - Exporting the following env vars:
AIRFLOW_CTX_DAG_OWNER=user
AIRFLOW_CTX_DAG_ID=MySQL
AIRFLOW_CTX_TASK_ID=final_create_2
AIRFLOW_CTX_EXECUTION_DATE=2021-07-14T20:32:22.335444+00:00
AIRFLOW_CTX_DAG_RUN_ID=manual__2021-07-14T20:32:22.335444+00:00
[2021-07-14 20:32:29,078] {crypto.py:82} WARNING - empty cryptography key - values will not be stored encrypted.
[2021-07-14 20:32:29,080] {base.py:78} INFO - Using connection to: id: mysql_test_conn. Host: 172.17.0.1, Port: 3310, Schema: project_bdt, Login: root, Password: ***, extra: {}
[2021-07-14 20:32:29,994] {python.py:151} INFO - Done. Returned value was: None
[2021-07-14 20:32:30,054] {taskinstance.py:1211} INFO - Marking task as SUCCESS. dag_id=MySQL, task_id=final_create_2, execution_date=20210714T203222, start_date=20210714T203228, end_date=20210714T203230
[2021-07-14 20:32:30,233] {taskinstance.py:1265} INFO - 1 downstream tasks scheduled from follow-on schedule check
[2021-07-14 20:32:30,257] {local_task_job.py:151} INFO - Task exited with return code 0
